TN:
SF:src/app.ts
FN:12,(anonymous_1)
FNF:1
FNH:1
FNDA:1,(anonymous_1)
DA:1,1
DA:2,1
DA:3,1
DA:6,1
DA:9,1
DA:12,1
DA:13,1
DA:22,1
DA:24,1
LF:9
LH:9
BRF:0
BRH:0
end_of_record
TN:
SF:src/middleware/error-handler.ts
FN:7,(anonymous_0)
FN:16,(anonymous_1)
FN:22,(anonymous_2)
FN:28,(anonymous_3)
FN:34,(anonymous_4)
FN:39,(anonymous_5)
FN:52,(anonymous_6)
FNF:7
FNH:7
FNDA:14,(anonymous_0)
FNDA:2,(anonymous_1)
FNDA:2,(anonymous_2)
FNDA:2,(anonymous_3)
FNDA:2,(anonymous_4)
FNDA:10,(anonymous_5)
FNDA:10,(anonymous_6)
DA:3,2
DA:8,14
DA:9,14
DA:10,14
DA:11,14
DA:15,2
DA:17,2
DA:21,2
DA:23,2
DA:27,2
DA:29,2
DA:33,2
DA:35,2
DA:39,2
DA:40,10
DA:49,10
DA:52,2
DA:58,10
DA:59,10
DA:61,10
LF:20
LH:20
BRDA:7,0,0,2
BRDA:10,1,0,9
BRDA:10,1,1,5
BRDA:16,2,0,1
BRDA:22,3,0,1
BRDA:28,4,0,1
BRDA:34,5,0,1
BRDA:49,6,0,10
BRDA:49,6,1,1
BRDA:58,7,0,10
BRDA:58,7,1,2
BRDA:65,8,0,10
BRDA:65,8,1,1
BRF:13
BRH:13
end_of_record
